-------------------------------------------------------------------------------
Test set: za.co.wethinkcode.lms.test.StudentTest
-------------------------------------------------------------------------------
Tests run: 1, Failures: 1, Errors: 0, Skipped: 0, Time elapsed: 0.058 s <<< FAILURE! - in za.co.wethinkcode.lms.test.StudentTest
studentTests  Time elapsed: 0.054 s  <<< FAILURE!
org.opentest4j.AssertionFailedError: Expected that there are no test failures. ==> expected: <0> but was: <2>
	at za.co.wethinkcode.lms.test.StudentTest.studentTests(StudentTest.java:33)

