<?xml version="1.0" encoding="UTF-8"?>
<testsuite xmlns:xsi="http://www.w3.org/2001/XMLSchema-instance" xsi:noNamespaceSchemaLocation="https://maven.apache.org/surefire/maven-surefire-plugin/xsd/surefire-test-report.xsd" name="za.co.wethinkcode.lms.test.StudentTest" time="0.058" tests="1" errors="0" skipped="0" failures="1">
  <properties>
[...]
</properties>
  <testcase name="studentTests" classname="za.co.wethinkcode.lms.test.StudentTest" time="0.054">
    <failure message="Expected that there are no test failures. ==&gt; expected: &lt;0&gt; but was: &lt;2&gt;" type="org.opentest4j.AssertionFailedError"><![CDATA[org.opentest4j.AssertionFailedError: Expected that there are no test failures. ==> expected: <0> but was: <2>
	at za.co.wethinkcode.lms.test.StudentTest.studentTests(StudentTest.java:33)
]]></failure>
    <system-out><![CDATA[
Test run finished after 25 ms
[         2 containers found      ]
[         0 containers skipped    ]
[         2 containers started    ]
[         0 containers aborted    ]
[         2 containers successful ]
[         0 containers failed     ]
[         5 tests found           ]
[         0 tests skipped         ]
[         5 tests started         ]
[         0 tests aborted         ]
[         3 tests successful      ]
[         2 tests failed          ]


Failures (2):
  JUnit Jupiter:FizzBuzzTest:generateUpTo15()
    MethodSource [className = 'za.co.wethinkcode.fizzbuzz.FizzBuzzTest', methodName = 'generateUpTo15', methodParameterTypes = '']
    => org.opentest4j.AssertionFailedError: expected: <[1, 2, Fizz, 4, Buzz, Fizz, 7, 8, Fizz, Buzz, 11, Fizz, 13, 14, FizzBuzz]> but was: <null>
       org.junit.jupiter.api.AssertionUtils.fail(AssertionUtils.java:55)
       org.junit.jupiter.api.AssertionUtils.failNotEqual(AssertionUtils.java:62)
       org.junit.jupiter.api.AssertEquals.assertEquals(AssertEquals.java:182)
       org.junit.jupiter.api.AssertEquals.assertEquals(AssertEquals.java:177)
       org.junit.jupiter.api.Assertions.assertEquals(Assertions.java:1124)
       za.co.wethinkcode.fizzbuzz.FizzBuzzTest.generateUpTo15(FizzBuzzTest.java:34)
       java.base/jdk.internal.reflect.NativeMethodAccessorImpl.invoke0(Native Method)
       java.base/jdk.internal.reflect.NativeMethodAccessorImpl.invoke(NativeMethodAccessorImpl.java:62)
       java.base/jdk.internal.reflect.DelegatingMethodAccessorImpl.invoke(DelegatingMethodAccessorImpl.java:43)
       java.base/java.lang.reflect.Method.invoke(Method.java:566)
       [...]
  JUnit Jupiter:FizzBuzzTest:notDivisibleBy3or5()
    MethodSource [className = 'za.co.wethinkcode.fizzbuzz.FizzBuzzTest', methodName = 'notDivisibleBy3or5', methodParameterTypes = '']
    => org.opentest4j.AssertionFailedError: expected: <13> but was: <>
       org.junit.jupiter.api.AssertionUtils.fail(AssertionUtils.java:55)
       org.junit.jupiter.api.AssertionUtils.failNotEqual(AssertionUtils.java:62)
       org.junit.jupiter.api.AssertEquals.assertEquals(AssertEquals.java:182)
       org.junit.jupiter.api.AssertEquals.assertEquals(AssertEquals.java:177)
       org.junit.jupiter.api.Assertions.assertEquals(Assertions.java:1124)
       za.co.wethinkcode.fizzbuzz.FizzBuzzTest.notDivisibleBy3or5(FizzBuzzTest.java:13)
       java.base/jdk.internal.reflect.NativeMethodAccessorImpl.invoke0(Native Method)
       java.base/jdk.internal.reflect.NativeMethodAccessorImpl.invoke(NativeMethodAccessorImpl.java:62)
       java.base/jdk.internal.reflect.DelegatingMethodAccessorImpl.invoke(DelegatingMethodAccessorImpl.java:43)
       java.base/java.lang.reflect.Method.invoke(Method.java:566)
       [...]
]]></system-out>
  </testcase>
</testsuite>